\BOOKMARK [0][-]{Doc-Start}{Abstract}{}% 1
\BOOKMARK [0][-]{Doc-Start}{Acknowledgments}{}% 2
\BOOKMARK [0][-]{chapter*.2}{List of Figures}{}% 3
\BOOKMARK [0][-]{chapter*.3}{List of Tables}{}% 4
\BOOKMARK [0][-]{chapter*.4}{List of Abbreviations}{}% 5
\BOOKMARK [0][-]{chapter.1}{Introduction}{}% 6
\BOOKMARK [1][-]{section.1.1}{Motivation}{chapter.1}% 7
\BOOKMARK [1][-]{section.1.2}{Comparison of Positioning Solutions for Real-Time Following}{chapter.1}% 8
\BOOKMARK [2][-]{subsection.1.2.1}{Ranging Devices}{section.1.2}% 9
\BOOKMARK [2][-]{subsection.1.2.2}{Vision}{section.1.2}% 10
\BOOKMARK [1][-]{section.1.3}{Global Navigation Satellite System}{chapter.1}% 11
\BOOKMARK [1][-]{section.1.4}{Position Using the DRTK and TDCP Algorithms}{chapter.1}% 12
\BOOKMARK [0][-]{chapter.2}{Graphical User Interface}{}% 13
\BOOKMARK [1][-]{section.2.1}{Architecture}{chapter.2}% 14
\BOOKMARK [1][-]{section.2.2}{Simulation \046 Design Optimization}{chapter.2}% 15
\BOOKMARK [1][-]{section.2.3}{Final Design}{chapter.2}% 16
\BOOKMARK [0][-]{chapter.3}{Experimentation}{}% 17
\BOOKMARK [1][-]{section.3.1}{Hardware Setup}{chapter.3}% 18
\BOOKMARK [0][-]{chapter.4}{Error Propagation in Convoys}{}% 19
\BOOKMARK [0][-]{chapter.5}{Conclusions}{}% 20
\BOOKMARK [1][-]{section.5.1}{Future Work}{chapter.5}% 21
\BOOKMARK [0][-]{chapter*.5}{Bibliography}{}% 22
